2010-01-13 22:31:15 Notice: Notice (8): Use of undefined constant label - assumed 'label' in [APP/views/schools/index.ctp, line 11]
2010-01-13 22:31:15 Notice: Notice (8): Array to string conversion in [CORE/cake/libs/router.php, line 954]
2010-01-13 22:31:15 Notice: Notice (8): Use of undefined constant label - assumed 'label' in [APP/views/schools/index.ctp, line 12]
2010-01-13 22:31:15 Notice: Notice (8): Use of undefined constant label - assumed 'label' in [APP/views/schools/index.ctp, line 13]
2010-01-13 22:31:15 Notice: Notice (8): Use of undefined constant label - assumed 'label' in [APP/views/schools/index.ctp, line 14]
2010-01-13 22:31:29 Notice: Notice (8): Array to string conversion in [CORE/cake/libs/router.php, line 954]
2010-01-14 00:31:22 Notice: Notice (8): Undefined index: id in [APP/views/schools/view.ctp, line 42]
2010-01-14 00:31:22 Notice: Notice (8): Undefined index: name in [APP/views/schools/view.ctp, line 46]
2010-01-14 00:31:22 Notice: Notice (8): Undefined index: category_id in [APP/views/schools/view.ctp, line 50]
2010-01-14 00:31:22 Notice: Notice (8): Undefined index: id in [APP/views/schools/view.ctp, line 56]
2010-01-14 00:47:30 Notice: Notice (8): Undefined variable: category in [APP/views/schools/view.ctp, line 57]
2010-01-14 00:47:42 Notice: Notice (8): Undefined variable: categories in [APP/views/schools/view.ctp, line 57]
2010-01-14 00:49:28 Notice: Notice (8): Undefined variable: Category in [APP/views/schools/view.ctp, line 57]
2010-01-14 00:49:42 Notice: Notice (8): Undefined variable: Categories in [APP/views/schools/view.ctp, line 57]
2010-01-14 01:32:46 Notice: Notice (8): Undefined index: School in [APP/views/schools/view.ctp, line 2]
2010-01-14 01:32:46 Notice: Notice (8): Undefined index: Type in [APP/views/schools/view.ctp, line 6]
2010-01-14 01:32:46 Notice: Notice (8): Undefined index: School in [APP/views/schools/view.ctp, line 11]
2010-01-14 01:32:46 Notice: Notice (8): Undefined index: School in [APP/views/schools/view.ctp, line 18]
2010-01-14 01:32:46 Notice: Notice (8): Undefined index: School in [APP/views/schools/view.ctp, line 19]
2010-01-14 01:33:31 Notice: Notice (8): Undefined index: School in [APP/views/schools/view.ctp, line 2]
2010-01-14 01:33:31 Notice: Notice (8): Undefined index: Type in [APP/views/schools/view.ctp, line 6]
2010-01-14 01:33:31 Notice: Notice (8): Undefined index: School in [APP/views/schools/view.ctp, line 11]
2010-01-14 01:33:31 Notice: Notice (8): Undefined index: School in [APP/views/schools/view.ctp, line 18]
2010-01-14 01:33:31 Notice: Notice (8): Undefined index: School in [APP/views/schools/view.ctp, line 19]
2010-01-14 01:37:16 Notice: Notice (8): Undefined offset: 1 in [CORE/cake/libs/model/datasources/dbo_source.php, line 1266]
2010-01-14 01:37:16 Notice: Notice (8): Undefined offset: 2 in [CORE/cake/libs/model/datasources/dbo_source.php, line 1266]
2010-01-14 01:37:16 Notice: Notice (8): Array to string conversion in [CORE/cake/libs/model/datasources/dbo_source.php, line 1278]
2010-01-14 01:38:17 Notice: Notice (8): Undefined offset: 1 in [CORE/cake/libs/model/datasources/dbo_source.php, line 1266]
2010-01-14 01:38:17 Notice: Notice (8): Undefined offset: 2 in [CORE/cake/libs/model/datasources/dbo_source.php, line 1266]
2010-01-14 01:38:17 Notice: Notice (8): Undefined offset: 3 in [CORE/cake/libs/model/datasources/dbo_source.php, line 1266]
2010-01-14 01:38:17 Notice: Notice (8): Array to string conversion in [CORE/cake/libs/model/datasources/dbo_source.php, line 1278]
2010-01-14 01:39:35 Notice: Notice (8): Undefined offset: 1 in [CORE/cake/libs/model/datasources/dbo_source.php, line 1266]
2010-01-14 01:39:35 Notice: Notice (8): Undefined offset: 2 in [CORE/cake/libs/model/datasources/dbo_source.php, line 1266]
2010-01-14 01:39:35 Notice: Notice (8): Undefined offset: 3 in [CORE/cake/libs/model/datasources/dbo_source.php, line 1266]
2010-01-14 01:39:35 Notice: Notice (8): Undefined offset: 4 in [CORE/cake/libs/model/datasources/dbo_source.php, line 1266]
2010-01-14 01:39:35 Notice: Notice (8): Array to string conversion in [CORE/cake/libs/model/datasources/dbo_source.php, line 1278]
2010-01-14 02:00:35 Notice: Notice (8): Undefined index: Type in [APP/views/schools/view.ctp, line 6]
2010-02-09 14:52:38 Notice: Notice (8): Undefined index: val1 in [APP/views/schools/view.ctp, line 59]
2010-02-09 14:52:42 Notice: Notice (8): Undefined index: var1 in [APP/views/schools/view.ctp, line 59]
2010-02-09 14:52:45 Notice: Notice (8): Undefined index: var in [APP/views/schools/view.ctp, line 59]
2010-02-09 20:12:35 Notice: Notice (8): Undefined variable: radioOptions in [CORE/cake/libs/view/helpers/form.php, line 772]
2010-02-09 23:27:44 Notice: Notice (8): Undefined index: school in [APP/views/departments/index.ctp, line 6]
2010-02-09 23:27:44 Notice: Notice (8): Undefined index: category in [APP/views/departments/index.ctp, line 7]
2010-02-09 23:27:46 Notice: Notice (8): Undefined index: school in [APP/views/departments/index.ctp, line 6]
2010-02-09 23:27:46 Notice: Notice (8): Undefined index: category in [APP/views/departments/index.ctp, line 7]
2010-02-09 23:27:50 Notice: Notice (8): Undefined index: school in [APP/views/departments/index.ctp, line 6]
2010-02-09 23:27:50 Notice: Notice (8): Undefined index: category in [APP/views/departments/index.ctp, line 7]
2010-02-20 06:27:43 Notice: Notice (8): Undefined index: File in [APP/controllers/schools_controller.php, line 47]
2010-04-01 17:30:26 Notice: Notice (8): Undefined variable: hmtl in [APP/views/departments/index.ctp, line 38]
2010-04-01 20:39:07 Notice: Notice (8): Undefined property: CoursesController::$School in [APP/controllers/courses_controller.php, line 22]
2010-04-01 20:39:21 Notice: Notice (8): Undefined property: CoursesController::$School in [APP/controllers/courses_controller.php, line 22]
2010-04-02 01:37:45 Notice: Notice (8): Undefined property: CoursesController::$School in [APP/controllers/courses_controller.php, line 43]
2010-04-02 01:38:45 Notice: Notice (8): Undefined variable: school in [APP/views/courses/add.ctp, line 6]
2010-04-15 15:12:51 Notice: Notice (8): Undefined offset: 0 in [APP/views/departments/add.ctp, line 7]
2010-10-23 23:12:52 Notice: Notice (8): Undefined offset: 0 in [APP/views/departments/add.ctp, line 7]
2010-10-23 23:13:07 Notice: Notice (8): Undefined offset: 0 in [APP/views/departments/add.ctp, line 7]
2010-10-28 01:01:15 Notice: Notice (8): Undefined property: FeesController::$Department in [APP/controllers/fees_controller.php, line 29]
2010-10-28 01:01:15 Notice: Notice (8): Trying to get property of non-object in [APP/controllers/fees_controller.php, line 29]
2010-10-28 01:25:02 Notice: Notice (8): Undefined variable: school in [APP/views/fees/index.ctp, line 6]
2010-10-28 01:25:02 Notice: Notice (8): Undefined variable: category in [APP/views/fees/index.ctp, line 7]
2010-10-29 13:53:24 Notice: Notice (8): Undefined variable: departments in [APP/views/departments/index.ctp, line 28]
2010-10-29 14:14:24 Notice: Notice (8): Undefined index: Department in [APP/views/departments/index.ctp, line 45]
2010-10-29 14:25:55 Notice: Notice (8): Undefined variable: web_root in [APP/views/departments/index.ctp, line 48]
2010-10-29 14:26:04 Notice: Notice (8): Undefined variable: web_root in [APP/views/departments/index.ctp, line 48]
2010-10-29 14:26:21 Notice: Notice (8): Use of undefined constant WEB_ROOT - assumed 'WEB_ROOT' in [APP/views/departments/index.ctp, line 48]
2010-11-17 20:47:05 Notice: Notice (8): Undefined index: all_category in [APP/controllers/fees_controller.php, line 33]
2010-11-17 20:47:11 Notice: Notice (8): Undefined offset: 0 in [APP/controllers/fees_controller.php, line 38]
2010-11-17 20:47:11 Notice: Notice (8): Undefined offset: 1 in [APP/controllers/fees_controller.php, line 38]
2010-11-17 20:47:11 Notice: Notice (8): Undefined offset: 2 in [APP/controllers/fees_controller.php, line 38]
2010-11-17 20:47:11 Notice: Notice (8): Undefined offset: 3 in [APP/controllers/fees_controller.php, line 38]
2010-11-17 20:47:11 Notice: Notice (8): Undefined offset: 4 in [APP/controllers/fees_controller.php, line 38]
2010-11-17 20:47:11 Notice: Notice (8): Undefined offset: 5 in [APP/controllers/fees_controller.php, line 38]
2010-11-17 20:47:12 Notice: Notice (8): Undefined offset: 6 in [APP/controllers/fees_controller.php, line 38]
2010-12-29 03:41:18 Notice: Notice (8): Undefined property: SummersController::$School in [APP/controllers/summers_controller.php, line 29]
