2010-01-14 01:17:49 Warning: Warning (512): <span style = "color:Red;text-align:left"><b>SQL Error:</b> 1054: Unknown column 'School.2' in 'field list'</span> in [CORE/cake/libs/model/datasources/dbo_source.php, line 525]
2010-01-14 01:18:47 Warning: Warning (512): <span style = "color:Red;text-align:left"><b>SQL Error:</b> 1054: Unknown column 'School.3' in 'field list'</span> in [CORE/cake/libs/model/datasources/dbo_source.php, line 525]
2010-01-14 01:25:14 Warning: Warning (512): <span style = "color:Red;text-align:left"><b>SQL Error:</b> 1054: Unknown column 'contitions' in 'where clause'</span> in [CORE/cake/libs/model/datasources/dbo_source.php, line 525]
2010-01-14 01:25:45 Warning: Warning (512): <span style = "color:Red;text-align:left"><b>SQL Error:</b> 1054: Unknown column 'contitions' in 'where clause'</span> in [CORE/cake/libs/model/datasources/dbo_source.php, line 525]
2010-01-14 01:26:36 Warning: Warning (512): <span style = "color:Red;text-align:left"><b>SQL Error:</b> 1054: Unknown column 'recursive' in 'where clause'</span> in [CORE/cake/libs/model/datasources/dbo_source.php, line 525]
2010-01-14 01:32:12 Warning: Warning (512): <span style = "color:Red;text-align:left"><b>SQL Error:</b> 1054: Unknown column 'conditions' in 'where clause'</span> in [CORE/cake/libs/model/datasources/dbo_source.php, line 525]
2010-01-14 01:37:16 Warning: Warning (512): <span style = "color:Red;text-align:left"><b>SQL Error:</b> 1064: You have an error in your SQL syntax; check the manual that corresponds to your MySQL server version for the right syntax to use near 'Category Array LEFT JOIN `types` AS `Type` ON (`School`.`type_id` = `Type`.`id`)' at line 1</span> in [CORE/cake/libs/model/datasources/dbo_source.php, line 525]
2010-01-14 01:38:17 Warning: Warning (512): <span style = "color:Red;text-align:left"><b>SQL Error:</b> 1064: You have an error in your SQL syntax; check the manual that corresponds to your MySQL server version for the right syntax to use near 'Category left Array LEFT JOIN `types` AS `Type` ON (`School`.`type_id` = `Type`.' at line 1</span> in [CORE/cake/libs/model/datasources/dbo_source.php, line 525]
2010-01-14 01:39:35 Warning: Warning (512): <span style = "color:Red;text-align:left"><b>SQL Error:</b> 1064: You have an error in your SQL syntax; check the manual that corresponds to your MySQL server version for the right syntax to use near 'categories left Category Array LEFT JOIN `types` AS `Type` ON (`School`.`type_id' at line 1</span> in [CORE/cake/libs/model/datasources/dbo_source.php, line 525]
2010-01-14 01:52:47 Warning: Warning (512): <span style = "color:Red;text-align:left"><b>SQL Error:</b> 1054: Unknown column 'Department.id' in 'on clause'</span> in [CORE/cake/libs/model/datasources/dbo_source.php, line 525]
2010-02-09 20:10:34 Warning: Warning (512): Method HtmlHelper::input does not exist in [CORE/cake/libs/view/helper.php, line 143]
2010-02-09 20:12:35 Warning: Warning (2): Invalid argument supplied for foreach() in [CORE/cake/libs/view/helpers/form.php, line 912]
2010-02-09 22:43:06 Warning: Warning (2): preg_match() expects parameter 2 to be string, array given in [CORE/cake/libs/model/datasources/dbo_source.php, line 1684]
2010-02-09 22:43:06 Warning: Warning (2): preg_match() expects parameter 2 to be string, array given in [CORE/cake/libs/model/datasources/dbo_source.php, line 1686]
2010-02-09 22:43:06 Warning: Warning (2): strpos() expects parameter 1 to be string, array given in [CORE/cake/libs/model/datasources/dbo_source.php, line 1689]
2010-02-09 22:43:06 Warning: Warning (2): trim() expects parameter 1 to be string, array given in [CORE/cake/libs/model/datasources/dbo_source.php, line 1691]
2010-02-09 22:43:06 Warning: Warning (512): <span style = "color:Red;text-align:left"><b>SQL Error:</b> 1064: You have an error in your SQL syntax; check the manual that corresponds to your MySQL server version for the right syntax to use near 'DISTINCT Department`. FROM `departments` AS `Department` LEFT JOIN `schools` AS ' at line 1</span> in [CORE/cake/libs/model/datasources/dbo_source.php, line 525]
2010-02-09 22:43:06 Warning: Warning (2): Invalid argument supplied for foreach() in [APP/views/departments/index.ctp, line 27]
2010-02-20 06:27:43 Warning: Warning (2): Cannot modify header information - headers already sent by (output started at /Users/mac/Sites/amigo/admin/cake/basics.php:109) in [CORE/cake/libs/controller/controller.php, line 647]
2010-02-20 06:39:53 Warning: Warning (2): Cannot modify header information - headers already sent by (output started at /Users/mac/Sites/amigo/admin/cake/basics.php:106) in [CORE/cake/libs/controller/controller.php, line 647]
2010-10-29 13:53:24 Warning: Warning (2): Invalid argument supplied for foreach() in [APP/views/departments/index.ctp, line 28]
2010-11-17 20:47:11 Warning: Warning (512): <span style = "color:Red;text-align:left"><b>SQL Error:</b> 1054: Unknown column 'Fee.scholl_id' in 'where clause'</span> in [CORE/cake/libs/model/datasources/dbo_source.php, line 527]
2011-01-06 18:44:26 Warning: Warning (512): <span style = "color:Red;text-align:left"><b>SQL Error:</b> 1054: Unknown column 'Fee.weight' in 'order clause'</span> in [CORE/cake/libs/model/datasources/dbo_source.php, line 527]
2011-01-06 18:44:26 Warning: Warning (2): Invalid argument supplied for foreach() in [APP/views/fees/index.ctp, line 29]
